2026-03-20 14:54:49 | INFO     | __main__:99 — Scheduler đang chạy. Nhấn Ctrl+C để dừng.
2026-03-20 14:54:49 | INFO     | __main__:100 — Lịch chạy:
2026-03-20 14:54:55 | INFO     | __main__:99 — Scheduler đang chạy. Nhấn Ctrl+C để dừng.
2026-03-20 14:54:55 | INFO     | __main__:100 — Lịch chạy:
2026-03-20 14:55:01 | INFO     | __main__:99 — Scheduler đang chạy. Nhấn Ctrl+C để dừng.
2026-03-20 14:55:01 | INFO     | __main__:100 — Lịch chạy:
2026-03-20 14:55:06 | INFO     | __main__:99 — Scheduler đang chạy. Nhấn Ctrl+C để dừng.
2026-03-20 14:55:06 | INFO     | __main__:100 — Lịch chạy:
2026-03-20 14:55:13 | INFO     | __main__:99 — Scheduler đang chạy. Nhấn Ctrl+C để dừng.
2026-03-20 14:55:13 | INFO     | __main__:100 — Lịch chạy:
2026-03-20 14:55:17 | INFO     | __main__:99 — Scheduler đang chạy. Nhấn Ctrl+C để dừng.
2026-03-20 14:55:17 | INFO     | __main__:100 — Lịch chạy:
2026-03-20 14:55:26 | INFO     | __main__:99 — Scheduler đang chạy. Nhấn Ctrl+C để dừng.
2026-03-20 14:55:26 | INFO     | __main__:100 — Lịch chạy:
2026-03-20 14:55:38 | INFO     | __main__:99 — Scheduler đang chạy. Nhấn Ctrl+C để dừng.
2026-03-20 14:55:38 | INFO     | __main__:100 — Lịch chạy:
2026-03-20 14:55:53 | INFO     | __main__:99 — Scheduler đang chạy. Nhấn Ctrl+C để dừng.
2026-03-20 14:55:53 | INFO     | __main__:100 — Lịch chạy:
2026-03-20 14:56:23 | INFO     | __main__:99 — Scheduler đang chạy. Nhấn Ctrl+C để dừng.
2026-03-20 14:56:23 | INFO     | __main__:100 — Lịch chạy:
2026-03-20 14:57:15 | INFO     | __main__:99 — Scheduler đang chạy. Nhấn Ctrl+C để dừng.
2026-03-20 14:57:15 | INFO     | __main__:100 — Lịch chạy:
2026-03-20 14:58:15 | INFO     | __main__:99 — Scheduler đang chạy. Nhấn Ctrl+C để dừng.
2026-03-20 14:58:15 | INFO     | __main__:100 — Lịch chạy:
2026-03-20 14:59:16 | INFO     | __main__:99 — Scheduler đang chạy. Nhấn Ctrl+C để dừng.
2026-03-20 14:59:16 | INFO     | __main__:100 — Lịch chạy:
2026-03-20 15:00:17 | INFO     | __main__:99 — Scheduler đang chạy. Nhấn Ctrl+C để dừng.
2026-03-20 15:00:17 | INFO     | __main__:100 — Lịch chạy:
2026-03-20 15:01:18 | INFO     | __main__:99 — Scheduler đang chạy. Nhấn Ctrl+C để dừng.
2026-03-20 15:01:18 | INFO     | __main__:100 — Lịch chạy:
2026-03-20 15:13:38 | INFO     | __main__:99 — Scheduler đang chạy. Nhấn Ctrl+C để dừng.
2026-03-20 15:13:38 | INFO     | __main__:100 — Lịch chạy:
2026-03-20 15:13:38 | INFO     | __main__:103 —   - sync_listing: (chưa xác định)
2026-03-20 15:13:38 | INFO     | __main__:103 —   - sync_financials: (chưa xác định)
2026-03-20 15:13:38 | INFO     | __main__:103 —   - sync_company: (chưa xác định)
2026-03-20 15:13:38 | INFO     | __main__:103 —   - sync_ratios: (chưa xác định)
2026-03-20 15:13:38 | INFO     | __main__:103 —   - alert_check: (chưa xác định)
